[2025-08-28 07:44:07,336] DEBUG Received /generate request
[2025-08-28 07:44:07,336] DEBUG Request data: {'prompt': 'create me a simple diamond engagement ring', 'metal': 'GOLD', 'ring_size': 7, 'stone_shape': 'ROUND', 'stone_carat': 1}
[2025-08-28 07:44:07,336] DEBUG Output file path: C:\Users\AMD\aura\output_create_me_a_simple_diamond_engagement_ri.stl
[2025-08-28 07:44:07,336] DEBUG Launching Blender subprocess
[2025-08-28 07:44:08,184] DEBUG Blender job completed
[2025-08-28 07:44:08,184] DEBUG [Blender stdout]
Blender 4.5.2 LTS (hash ab25eae04993 built 2025-08-20 02:20:52)

Blender quit

[2025-08-28 07:44:08,184] DEBUG [Blender stderr]
Traceback (most recent call last):
  File "C:\Users\AMD\aura\backend\aura_backend.py", line 8, in <module>
    from bpy import addon_utils
ImportError: cannot import name 'addon_utils' from 'bpy' (C:\Program Files\Blender Foundation\Blender 4.5\4.5\scripts\modules\bpy\__init__.py)

[2025-08-28 07:44:08,184] ERROR Design generation failed: Traceback (most recent call last):
  File "C:\Users\AMD\aura\backend\aura_backend.py", line 8, in <module>
    from bpy import addon_utils
ImportError: cannot import name 'addon_utils' from 'bpy' (C:\Program Files\Blender Foundation\Blender 4.5\4.5\scripts\modules\bpy\__init__.py)

[2025-08-28 07:45:25,514] DEBUG Received /generate request
[2025-08-28 07:45:25,514] DEBUG Request data: {'prompt': 'create me a simple diamond engagement ring', 'metal': 'GOLD', 'ring_size': 7, 'stone_shape': 'ROUND', 'stone_carat': 1}
[2025-08-28 07:45:25,515] DEBUG Output file path: C:\Users\AMD\aura\output_create_me_a_simple_diamond_engagement_ri.stl
[2025-08-28 07:45:25,515] DEBUG Launching Blender subprocess
[2025-08-28 07:45:26,420] DEBUG Blender job completed
[2025-08-28 07:45:26,421] DEBUG [Blender stdout]
Blender 4.5.2 LTS (hash ab25eae04993 built 2025-08-20 02:20:52)
Error: Object does not have geometry data
Error: Object does not have geometry data
Add-on not loaded: "io_mesh_stl", cause: No module named 'io_mesh_stl'

Blender quit

[2025-08-28 07:45:26,421] DEBUG [Blender stderr]
[2025-08-28 07:45:26,199] INFO Received prompt: create me a simple diamond engagement ring
[2025-08-28 07:45:26,201] DEBUG Mesh generation started
[2025-08-28 07:45:26,203] DEBUG Mesh generated
[2025-08-28 07:45:26,203] DEBUG Exporting STL
[2025-08-28 07:45:26,207] INFO AI-driven design generated for prompt: create me a simple diamond engagement ring
Exported to: C:\Users\AMD\aura\output_create_me_a_simple_diamond_engagement_ri.stl
[2025-08-28 07:45:26,207] DEBUG STL export completed: C:\Users\AMD\aura\output_create_me_a_simple_diamond_engagement_ri.stl

[2025-08-28 07:45:26,422] DEBUG Design generated successfully: C:\Users\AMD\aura\output_create_me_a_simple_diamond_engagement_ri.stl
[2025-08-28 07:49:45,126] DEBUG Received /generate request
[2025-08-28 07:49:45,126] DEBUG Request data: {'prompt': 'create me a simple diamond engagement ring', 'metal': 'GOLD', 'ring_size': 7, 'stone_shape': 'ROUND', 'stone_carat': 1}
[2025-08-28 07:49:45,126] DEBUG Output file path: C:\Users\AMD\aura\output_create_me_a_simple_diamond_engagement_ri.stl
[2025-08-28 07:49:45,126] DEBUG Launching Blender subprocess
[2025-08-28 07:49:45,856] DEBUG Blender job completed
[2025-08-28 07:49:45,856] DEBUG [Blender stdout]
Blender 4.5.2 LTS (hash ab25eae04993 built 2025-08-20 02:20:52)
Error: Object does not have geometry data
Error: Object does not have geometry data
Add-on not loaded: "io_mesh_stl", cause: No module named 'io_mesh_stl'

Blender quit

[2025-08-28 07:49:45,856] DEBUG [Blender stderr]
[2025-08-28 07:49:45,703] INFO Received prompt: create me a simple diamond engagement ring
[2025-08-28 07:49:45,703] DEBUG Mesh generation started
[2025-08-28 07:49:45,703] DEBUG Mesh generated
[2025-08-28 07:49:45,703] DEBUG Exporting STL
[2025-08-28 07:49:45,710] INFO AI-driven design generated for prompt: create me a simple diamond engagement ring
Exported to: C:\Users\AMD\aura\output_create_me_a_simple_diamond_engagement_ri.stl
[2025-08-28 07:49:45,710] DEBUG STL export completed: C:\Users\AMD\aura\output_create_me_a_simple_diamond_engagement_ri.stl

[2025-08-28 07:49:45,856] DEBUG Design generated successfully: C:\Users\AMD\aura\output_create_me_a_simple_diamond_engagement_ri.stl
[2025-08-28 07:50:58,496] DEBUG Received /generate request
[2025-08-28 07:50:58,496] DEBUG Request data: {'prompt': 'create me a simple diamond engagement ring', 'metal': 'GOLD', 'ring_size': 7, 'stone_shape': 'ROUND', 'stone_carat': 1}
[2025-08-28 07:50:58,496] DEBUG Output file path: C:\Users\AMD\aura\output_create_me_a_simple_diamond_engagement_ri.stl
[2025-08-28 07:50:58,496] DEBUG Launching Blender subprocess
[2025-08-28 07:50:59,406] DEBUG Blender job completed
[2025-08-28 07:50:59,406] DEBUG [Blender stdout]
Blender 4.5.2 LTS (hash ab25eae04993 built 2025-08-20 02:20:52)
Error: Object does not have geometry data
Error: Object does not have geometry data
Add-on not loaded: "io_mesh_stl", cause: No module named 'io_mesh_stl'

Blender quit

[2025-08-28 07:50:59,408] DEBUG [Blender stderr]
[2025-08-28 07:50:59,179] INFO Received prompt: create me a simple diamond engagement ring
[2025-08-28 07:50:59,181] DEBUG Mesh generation started
[2025-08-28 07:50:59,184] DEBUG Mesh generated
[2025-08-28 07:50:59,184] DEBUG Exporting STL
[2025-08-28 07:50:59,190] INFO AI-driven design generated for prompt: create me a simple diamond engagement ring
Exported to: C:\Users\AMD\aura\output_create_me_a_simple_diamond_engagement_ri.stl
[2025-08-28 07:50:59,190] DEBUG STL export completed: C:\Users\AMD\aura\output_create_me_a_simple_diamond_engagement_ri.stl

[2025-08-28 07:50:59,408] DEBUG Design generated successfully: C:\Users\AMD\aura\output_create_me_a_simple_diamond_engagement_ri.stl
[2025-08-28 07:54:09,697] DEBUG Received /generate request
[2025-08-28 07:54:09,697] DEBUG Request data: {'prompt': 'create me a simple diamond engagement ring', 'metal': 'GOLD', 'ring_size': 7, 'stone_shape': 'ROUND', 'stone_carat': 1}
[2025-08-28 07:54:09,699] DEBUG Output file path: C:\Users\AMD\aura\output_create_me_a_simple_diamond_engagement_ri.stl
[2025-08-28 07:54:09,699] DEBUG Launching Blender subprocess
[2025-08-28 07:54:10,463] DEBUG Blender job completed
[2025-08-28 07:54:10,463] DEBUG [Blender stdout]
Blender 4.5.2 LTS (hash ab25eae04993 built 2025-08-20 02:20:52)
Error: Object does not have geometry data
Error: Object does not have geometry data
Blender add-on search paths: ['C:\\Program Files\\Blender Foundation\\Blender 4.5\\4.5\\scripts\\startup', 'C:\\Program Files\\Blender Foundation\\Blender 4.5\\4.5\\scripts\\modules', 'C:\\Program Files\\Blender Foundation\\Blender 4.5\\python311.zip', 'C:\\Program Files\\Blender Foundation\\Blender 4.5\\4.5\\python\\DLLs', 'C:\\Program Files\\Blender Foundation\\Blender 4.5\\4.5\\python\\Lib', 'C:\\Program Files\\Blender Foundation\\Blender 4.5', 'C:\\Program Files\\Blender Foundation\\Blender 4.5\\4.5\\python', 'C:\\Program Files\\Blender Foundation\\Blender 4.5\\4.5\\python\\Lib\\site-packages', 'C:\\Program Files\\Blender Foundation\\Blender 4.5\\4.5\\scripts\\freestyle\\modules', 'C:\\Users\\AMD\\AppData\\Roaming\\Blender Foundation\\Blender\\4.5\\scripts\\addons\\modules', 'C:\\Program Files\\Blender Foundation\\Blender 4.5\\4.5\\scripts\\addons_core']
Blender scripts path: C:\Program Files\Blender Foundation\Blender 4.5\4.5\scripts\addons
Checking if 'io_mesh_stl' is available: (False, False)
Add-on not loaded: "io_mesh_stl", cause: No module named 'io_mesh_stl'
Enabled 'io_mesh_stl' add-on.
Add-on not loaded: "io_mesh_stl", cause: No module named 'io_mesh_stl'

Blender quit

[2025-08-28 07:54:10,463] DEBUG [Blender stderr]
[2025-08-28 07:54:10,303] INFO Received prompt: create me a simple diamond engagement ring
[2025-08-28 07:54:10,304] DEBUG Mesh generation started
[2025-08-28 07:54:10,306] DEBUG Mesh generated
[2025-08-28 07:54:10,307] DEBUG Exporting STL
[2025-08-28 07:54:10,311] INFO AI-driven design generated for prompt: create me a simple diamond engagement ring
Exported to: C:\Users\AMD\aura\output_create_me_a_simple_diamond_engagement_ri.stl
[2025-08-28 07:54:10,313] DEBUG STL export completed: C:\Users\AMD\aura\output_create_me_a_simple_diamond_engagement_ri.stl

[2025-08-28 07:54:10,464] DEBUG Design generated successfully: C:\Users\AMD\aura\output_create_me_a_simple_diamond_engagement_ri.stl
[2025-08-28 08:16:50,992] DEBUG Received /generate request
[2025-08-28 08:16:50,993] DEBUG Request data: {'prompt': 'create me a simple diamond engagement ring', 'metal': 'GOLD', 'ring_size': 7, 'stone_shape': 'ROUND', 'stone_carat': 1}
[2025-08-28 08:16:50,994] DEBUG Output file path: C:\Users\AMD\aura\output_create_me_a_simple_diamond_engagement_ri.stl
[2025-08-28 08:16:50,995] DEBUG Launching Blender subprocess
[2025-08-28 08:16:52,346] DEBUG Blender job completed
[2025-08-28 08:16:52,347] DEBUG [Blender stdout]
Blender 4.5.2 LTS (hash ab25eae04993 built 2025-08-20 02:20:52)
Error: Object does not have geometry data
Error: Object does not have geometry data
Blender add-on search paths: ['C:\\Program Files\\Blender Foundation\\Blender 4.5\\4.5\\scripts\\startup', 'C:\\Program Files\\Blender Foundation\\Blender 4.5\\4.5\\scripts\\modules', 'C:\\Program Files\\Blender Foundation\\Blender 4.5\\python311.zip', 'C:\\Program Files\\Blender Foundation\\Blender 4.5\\4.5\\python\\DLLs', 'C:\\Program Files\\Blender Foundation\\Blender 4.5\\4.5\\python\\Lib', 'C:\\Program Files\\Blender Foundation\\Blender 4.5', 'C:\\Program Files\\Blender Foundation\\Blender 4.5\\4.5\\python', 'C:\\Program Files\\Blender Foundation\\Blender 4.5\\4.5\\python\\Lib\\site-packages', 'C:\\Program Files\\Blender Foundation\\Blender 4.5\\4.5\\scripts\\freestyle\\modules', 'C:\\Users\\AMD\\AppData\\Roaming\\Blender Foundation\\Blender\\4.5\\scripts\\addons\\modules', 'C:\\Program Files\\Blender Foundation\\Blender 4.5\\4.5\\scripts\\addons_core']
Blender scripts path: C:\Program Files\Blender Foundation\Blender 4.5\4.5\scripts\addons
Checking if 'io_mesh_stl' is available: (False, False)
Add-on not loaded: "io_mesh_stl", cause: No module named 'io_mesh_stl'
Enabled 'io_mesh_stl' add-on.
Add-on not loaded: "io_mesh_stl", cause: No module named 'io_mesh_stl'

Blender quit

[2025-08-28 08:16:52,349] DEBUG [Blender stderr]
[2025-08-28 08:16:52,065] INFO Received prompt: create me a simple diamond engagement ring
[2025-08-28 08:16:52,065] DEBUG Mesh generation started
[2025-08-28 08:16:52,073] DEBUG Mesh generated
[2025-08-28 08:16:52,073] DEBUG Exporting STL
[2025-08-28 08:16:52,078] INFO AI-driven design generated for prompt: create me a simple diamond engagement ring
Exported to: C:\Users\AMD\aura\output_create_me_a_simple_diamond_engagement_ri.stl
[2025-08-28 08:16:52,078] DEBUG STL export completed: C:\Users\AMD\aura\output_create_me_a_simple_diamond_engagement_ri.stl

[2025-08-28 08:16:52,349] DEBUG Design generated successfully: C:\Users\AMD\aura\output_create_me_a_simple_diamond_engagement_ri.stl
[2025-08-28 08:43:01,560] DEBUG Received /generate request
[2025-08-28 08:43:01,560] DEBUG Request data: {'prompt': 'create me a simple diamond engagement ring', 'metal': 'GOLD', 'ring_size': 7, 'stone_shape': 'ROUND', 'stone_carat': 1}
[2025-08-28 08:43:01,561] DEBUG Output file path: C:\Users\AMD\aura\output_create_me_a_simple_diamond_engagement_ri.stl
[2025-08-28 08:43:01,561] DEBUG Launching Blender subprocess
[2025-08-28 08:43:02,290] DEBUG Blender job completed
[2025-08-28 08:43:02,290] DEBUG [Blender stdout]
Blender 4.5.2 LTS (hash ab25eae04993 built 2025-08-20 02:20:52)
Error: Object does not have geometry data
Error: Object does not have geometry data
Blender add-on search paths: ['C:\\Program Files\\Blender Foundation\\Blender 4.5\\4.5\\scripts\\startup', 'C:\\Program Files\\Blender Foundation\\Blender 4.5\\4.5\\scripts\\modules', 'C:\\Program Files\\Blender Foundation\\Blender 4.5\\python311.zip', 'C:\\Program Files\\Blender Foundation\\Blender 4.5\\4.5\\python\\DLLs', 'C:\\Program Files\\Blender Foundation\\Blender 4.5\\4.5\\python\\Lib', 'C:\\Program Files\\Blender Foundation\\Blender 4.5', 'C:\\Program Files\\Blender Foundation\\Blender 4.5\\4.5\\python', 'C:\\Program Files\\Blender Foundation\\Blender 4.5\\4.5\\python\\Lib\\site-packages', 'C:\\Program Files\\Blender Foundation\\Blender 4.5\\4.5\\scripts\\freestyle\\modules', 'C:\\Users\\AMD\\AppData\\Roaming\\Blender Foundation\\Blender\\4.5\\scripts\\addons\\modules', 'C:\\Program Files\\Blender Foundation\\Blender 4.5\\4.5\\scripts\\addons_core']
Blender scripts path: C:\Program Files\Blender Foundation\Blender 4.5\4.5\scripts\addons
Checking if 'io_mesh_stl' is available: (False, False)
Add-on not loaded: "io_mesh_stl", cause: No module named 'io_mesh_stl'
Enabled 'io_mesh_stl' add-on.
Add-on not loaded: "io_mesh_stl", cause: No module named 'io_mesh_stl'

Blender quit

[2025-08-28 08:43:02,290] DEBUG [Blender stderr]
[2025-08-28 08:43:02,092] INFO Received prompt: create me a simple diamond engagement ring
[2025-08-28 08:43:02,093] DEBUG Mesh generation started
[2025-08-28 08:43:02,093] DEBUG Mesh generated
[2025-08-28 08:43:02,093] DEBUG Exporting STL
[2025-08-28 08:43:02,099] INFO AI-driven design generated for prompt: create me a simple diamond engagement ring
Exported to: C:\Users\AMD\aura\output_create_me_a_simple_diamond_engagement_ri.stl
[2025-08-28 08:43:02,099] DEBUG STL export completed: C:\Users\AMD\aura\output_create_me_a_simple_diamond_engagement_ri.stl

[2025-08-28 08:43:02,290] DEBUG Design generated successfully: C:\Users\AMD\aura\output_create_me_a_simple_diamond_engagement_ri.stl
[2025-08-28 08:55:47,664] DEBUG Received /generate request
[2025-08-28 08:55:47,664] DEBUG Request data: {'prompt': 'create me a simple diamond engagement ring', 'metal': 'GOLD', 'ring_size': 7, 'stone_shape': 'ROUND', 'stone_carat': 1}
[2025-08-28 08:55:47,665] DEBUG Output file path: C:\Users\AMD\aura\output_create_me_a_simple_diamond_engagement_ri.stl
[2025-08-28 08:55:47,665] DEBUG Launching Blender subprocess
[2025-08-28 08:55:47,665] DEBUG Blender command: C:\Program Files\Blender Foundation\Blender 4.5\blender.exe --background --python C:\Users\AMD\aura\backend\aura_backend.py -- create me a simple diamond engagement ring --ring_size 7 --stone_carat 1 --stone_shape ROUND --metal GOLD
[2025-08-28 08:55:48,435] DEBUG Blender job completed
[2025-08-28 08:55:48,435] DEBUG [Blender stdout]
Blender 4.5.2 LTS (hash ab25eae04993 built 2025-08-20 02:20:52)
Blender add-on search paths: ['C:\\Program Files\\Blender Foundation\\Blender 4.5\\4.5\\scripts\\startup', 'C:\\Program Files\\Blender Foundation\\Blender 4.5\\4.5\\scripts\\modules', 'C:\\Program Files\\Blender Foundation\\Blender 4.5\\python311.zip', 'C:\\Program Files\\Blender Foundation\\Blender 4.5\\4.5\\python\\DLLs', 'C:\\Program Files\\Blender Foundation\\Blender 4.5\\4.5\\python\\Lib', 'C:\\Program Files\\Blender Foundation\\Blender 4.5', 'C:\\Program Files\\Blender Foundation\\Blender 4.5\\4.5\\python', 'C:\\Program Files\\Blender Foundation\\Blender 4.5\\4.5\\python\\Lib\\site-packages', 'C:\\Program Files\\Blender Foundation\\Blender 4.5\\4.5\\scripts\\freestyle\\modules', 'C:\\Users\\AMD\\AppData\\Roaming\\Blender Foundation\\Blender\\4.5\\scripts\\addons\\modules', 'C:\\Program Files\\Blender Foundation\\Blender 4.5\\4.5\\scripts\\addons_core']
Blender scripts path: C:\Program Files\Blender Foundation\Blender 4.5\4.5\scripts\addons
Checking if 'io_mesh_stl' is available: (False, False)
Add-on not loaded: "io_mesh_stl", cause: No module named 'io_mesh_stl'
Enabled 'io_mesh_stl' add-on.
Add-on not loaded: "io_mesh_stl", cause: No module named 'io_mesh_stl'

[2025-08-28 08:55:48,435] DEBUG [Blender stderr]
[2025-08-28 08:55:48,269] INFO Received prompt: create me a simple diamond engagement ring --ring_size 7 --stone_carat 1 --stone_shape ROUND --metal GOLD
[2025-08-28 08:55:48,283] DEBUG Mesh generation started
[2025-08-28 08:55:48,283] ERROR Error in process_prompt_from_args
Traceback (most recent call last):
  File "C:\Users\AMD\aura\backend\aura_backend.py", line 79, in process_prompt_from_args
    bmesh.ops.create_torus(
    ^^^^^^^^^^^^^^^^^^^^^^
AttributeError: BMeshOpsModule: operator "create_torus" doesn't exist

[2025-08-28 08:55:48,435] ERROR Design generation failed: [2025-08-28 08:55:48,269] INFO Received prompt: create me a simple diamond engagement ring --ring_size 7 --stone_carat 1 --stone_shape ROUND --metal GOLD
[2025-08-28 08:55:48,283] DEBUG Mesh generation started
[2025-08-28 08:55:48,283] ERROR Error in process_prompt_from_args
Traceback (most recent call last):
  File "C:\Users\AMD\aura\backend\aura_backend.py", line 79, in process_prompt_from_args
    bmesh.ops.create_torus(
    ^^^^^^^^^^^^^^^^^^^^^^
AttributeError: BMeshOpsModule: operator "create_torus" doesn't exist

[2025-08-28 08:56:34,357] DEBUG Received /generate request
[2025-08-28 08:56:34,357] DEBUG Request data: {'prompt': 'create me a simple diamond engagement ring', 'metal': 'GOLD', 'ring_size': 7, 'stone_shape': 'ROUND', 'stone_carat': 1}
[2025-08-28 08:56:34,357] DEBUG Output file path: C:\Users\AMD\aura\output_create_me_a_simple_diamond_engagement_ri.stl
[2025-08-28 08:56:34,357] DEBUG Launching Blender subprocess
[2025-08-28 08:56:34,357] DEBUG Blender command: C:\Program Files\Blender Foundation\Blender 4.5\blender.exe --background --python C:\Users\AMD\aura\backend\aura_backend.py -- create me a simple diamond engagement ring --ring_size 7 --stone_carat 1 --stone_shape ROUND --metal GOLD
[2025-08-28 08:56:35,087] DEBUG Blender job completed
[2025-08-28 08:56:35,087] DEBUG [Blender stdout]
Blender add-on search paths: ['C:\\Program Files\\Blender Foundation\\Blender 4.5\\4.5\\scripts\\startup', 'C:\\Program Files\\Blender Foundation\\Blender 4.5\\4.5\\scripts\\modules', 'C:\\Program Files\\Blender Foundation\\Blender 4.5\\python311.zip', 'C:\\Program Files\\Blender Foundation\\Blender 4.5\\4.5\\python\\DLLs', 'C:\\Program Files\\Blender Foundation\\Blender 4.5\\4.5\\python\\Lib', 'C:\\Program Files\\Blender Foundation\\Blender 4.5', 'C:\\Program Files\\Blender Foundation\\Blender 4.5\\4.5\\python', 'C:\\Program Files\\Blender Foundation\\Blender 4.5\\4.5\\python\\Lib\\site-packages', 'C:\\Program Files\\Blender Foundation\\Blender 4.5\\4.5\\scripts\\freestyle\\modules', 'C:\\Users\\AMD\\AppData\\Roaming\\Blender Foundation\\Blender\\4.5\\scripts\\addons\\modules', 'C:\\Program Files\\Blender Foundation\\Blender 4.5\\4.5\\scripts\\addons_core']
Blender scripts path: C:\Program Files\Blender Foundation\Blender 4.5\4.5\scripts\addons
Checking if 'io_mesh_stl' is available: (False, False)
Add-on not loaded: "io_mesh_stl", cause: No module named 'io_mesh_stl'
Enabled 'io_mesh_stl' add-on.
Add-on not loaded: "io_mesh_stl", cause: No module named 'io_mesh_stl'
Blender 4.5.2 LTS (hash ab25eae04993 built 2025-08-20 02:20:52)

Blender quit

[2025-08-28 08:56:35,087] DEBUG [Blender stderr]
[2025-08-28 08:56:34,912] INFO Received prompt: create me a simple diamond engagement ring --ring_size 7 --stone_carat 1 --stone_shape ROUND --metal GOLD
[2025-08-28 08:56:34,912] DEBUG Mesh generation started
[2025-08-28 08:56:34,929] DEBUG Exporting STL
[2025-08-28 08:56:34,943] INFO AI-driven design generated for prompt: create me a simple diamond engagement ring --ring_size 7 --stone_carat 1 --stone_shape ROUND --metal GOLD
Exported to: C:\Users\AMD\aura\output_create_me_a_simple_diamond_engagement_ri.stl
[2025-08-28 08:56:34,943] DEBUG STL export completed: C:\Users\AMD\aura\output_create_me_a_simple_diamond_engagement_ri.stl

[2025-08-28 08:56:35,087] DEBUG Design generated successfully: C:\Users\AMD\aura\output_create_me_a_simple_diamond_engagement_ri.stl
[2025-08-28 08:59:11,790] DEBUG Received /generate request
[2025-08-28 08:59:11,790] DEBUG Request data: {'prompt': 'simple diamond engagement ring', 'metal': 'GOLD', 'ring_size': 7, 'stone_shape': 'ROUND', 'stone_carat': 1}
[2025-08-28 08:59:11,790] DEBUG Output file path: C:\Users\AMD\aura\models\output_simple_diamond_engagement_ring.stl
[2025-08-28 08:59:11,790] DEBUG Launching Blender subprocess
[2025-08-28 08:59:11,790] DEBUG Blender command: C:\Program Files\Blender Foundation\Blender 4.5\blender.exe --background --python C:\Users\AMD\aura\backend\aura_backend.py -- simple diamond engagement ring --ring_size 7 --stone_carat 1 --stone_shape ROUND --metal GOLD
[2025-08-28 08:59:12,493] DEBUG Blender job completed
[2025-08-28 08:59:12,493] DEBUG [Blender stdout]
Blender add-on search paths: ['C:\\Program Files\\Blender Foundation\\Blender 4.5\\4.5\\scripts\\startup', 'C:\\Program Files\\Blender Foundation\\Blender 4.5\\4.5\\scripts\\modules', 'C:\\Program Files\\Blender Foundation\\Blender 4.5\\python311.zip', 'C:\\Program Files\\Blender Foundation\\Blender 4.5\\4.5\\python\\DLLs', 'C:\\Program Files\\Blender Foundation\\Blender 4.5\\4.5\\python\\Lib', 'C:\\Program Files\\Blender Foundation\\Blender 4.5', 'C:\\Program Files\\Blender Foundation\\Blender 4.5\\4.5\\python', 'C:\\Program Files\\Blender Foundation\\Blender 4.5\\4.5\\python\\Lib\\site-packages', 'C:\\Program Files\\Blender Foundation\\Blender 4.5\\4.5\\scripts\\freestyle\\modules', 'C:\\Users\\AMD\\AppData\\Roaming\\Blender Foundation\\Blender\\4.5\\scripts\\addons\\modules', 'C:\\Program Files\\Blender Foundation\\Blender 4.5\\4.5\\scripts\\addons_core']
Blender scripts path: C:\Program Files\Blender Foundation\Blender 4.5\4.5\scripts\addons
Checking if 'io_mesh_stl' is available: (False, False)
Add-on not loaded: "io_mesh_stl", cause: No module named 'io_mesh_stl'
Enabled 'io_mesh_stl' add-on.
Add-on not loaded: "io_mesh_stl", cause: No module named 'io_mesh_stl'
Blender 4.5.2 LTS (hash ab25eae04993 built 2025-08-20 02:20:52)

Blender quit

[2025-08-28 08:59:12,494] DEBUG [Blender stderr]
[2025-08-28 08:59:12,299] INFO Received prompt: simple diamond engagement ring --ring_size 7 --stone_carat 1 --stone_shape ROUND --metal GOLD
[2025-08-28 08:59:12,299] DEBUG Mesh generation started
[2025-08-28 08:59:12,321] DEBUG Exporting STL
[2025-08-28 08:59:12,335] INFO AI-driven design generated for prompt: simple diamond engagement ring --ring_size 7 --stone_carat 1 --stone_shape ROUND --metal GOLD
Exported to: C:\Users\AMD\aura\models\output_simple_diamond_engagement_ring_--ring_si.stl
[2025-08-28 08:59:12,335] DEBUG STL export completed: C:\Users\AMD\aura\models\output_simple_diamond_engagement_ring_--ring_si.stl

[2025-08-28 08:59:12,494] ERROR Design generation failed: [2025-08-28 08:59:12,299] INFO Received prompt: simple diamond engagement ring --ring_size 7 --stone_carat 1 --stone_shape ROUND --metal GOLD
[2025-08-28 08:59:12,299] DEBUG Mesh generation started
[2025-08-28 08:59:12,321] DEBUG Exporting STL
[2025-08-28 08:59:12,335] INFO AI-driven design generated for prompt: simple diamond engagement ring --ring_size 7 --stone_carat 1 --stone_shape ROUND --metal GOLD
Exported to: C:\Users\AMD\aura\models\output_simple_diamond_engagement_ring_--ring_si.stl
[2025-08-28 08:59:12,335] DEBUG STL export completed: C:\Users\AMD\aura\models\output_simple_diamond_engagement_ring_--ring_si.stl

[2025-08-28 09:00:02,671] DEBUG Received /generate request
[2025-08-28 09:00:02,671] DEBUG Request data: {'prompt': 'simple diamond engagement ring', 'metal': 'GOLD', 'ring_size': 7, 'stone_shape': 'ROUND', 'stone_carat': 1}
[2025-08-28 09:00:02,671] DEBUG Output file path: C:\Users\AMD\aura\models\output_simple_diamond_engagement_ring.stl
[2025-08-28 09:00:02,671] DEBUG Launching Blender subprocess
[2025-08-28 09:00:02,671] DEBUG Blender command: C:\Program Files\Blender Foundation\Blender 4.5\blender.exe --background --python C:\Users\AMD\aura\backend\aura_backend.py -- simple diamond engagement ring --ring_size 7 --stone_carat 1 --stone_shape ROUND --metal GOLD
[2025-08-28 09:00:03,353] DEBUG Blender job completed
[2025-08-28 09:00:03,353] DEBUG [Blender stdout]
Blender add-on search paths: ['C:\\Program Files\\Blender Foundation\\Blender 4.5\\4.5\\scripts\\startup', 'C:\\Program Files\\Blender Foundation\\Blender 4.5\\4.5\\scripts\\modules', 'C:\\Program Files\\Blender Foundation\\Blender 4.5\\python311.zip', 'C:\\Program Files\\Blender Foundation\\Blender 4.5\\4.5\\python\\DLLs', 'C:\\Program Files\\Blender Foundation\\Blender 4.5\\4.5\\python\\Lib', 'C:\\Program Files\\Blender Foundation\\Blender 4.5', 'C:\\Program Files\\Blender Foundation\\Blender 4.5\\4.5\\python', 'C:\\Program Files\\Blender Foundation\\Blender 4.5\\4.5\\python\\Lib\\site-packages', 'C:\\Program Files\\Blender Foundation\\Blender 4.5\\4.5\\scripts\\freestyle\\modules', 'C:\\Users\\AMD\\AppData\\Roaming\\Blender Foundation\\Blender\\4.5\\scripts\\addons\\modules', 'C:\\Program Files\\Blender Foundation\\Blender 4.5\\4.5\\scripts\\addons_core']
Blender scripts path: C:\Program Files\Blender Foundation\Blender 4.5\4.5\scripts\addons
Checking if 'io_mesh_stl' is available: (False, False)
Add-on not loaded: "io_mesh_stl", cause: No module named 'io_mesh_stl'
Enabled 'io_mesh_stl' add-on.
Add-on not loaded: "io_mesh_stl", cause: No module named 'io_mesh_stl'
Blender 4.5.2 LTS (hash ab25eae04993 built 2025-08-20 02:20:52)

Blender quit

[2025-08-28 09:00:03,353] DEBUG [Blender stderr]
[2025-08-28 09:00:03,183] INFO Received prompt: simple diamond engagement ring | Args: ['simple diamond engagement ring', '--ring_size', '7', '--stone_carat', '1', '--stone_shape', 'ROUND', '--metal', 'GOLD']
[2025-08-28 09:00:03,185] DEBUG Mesh generation started
[2025-08-28 09:00:03,197] DEBUG Exporting STL
[2025-08-28 09:00:03,213] INFO AI-driven design generated for prompt: simple diamond engagement ring
Exported to: C:\Users\AMD\aura\models\output_simple_diamond_engagement_ring.stl
[2025-08-28 09:00:03,213] DEBUG STL export completed: C:\Users\AMD\aura\models\output_simple_diamond_engagement_ring.stl

[2025-08-28 09:00:03,353] DEBUG Design generated successfully: C:\Users\AMD\aura\models\output_simple_diamond_engagement_ring.stl
[2025-08-28 09:04:59,239] DEBUG Received /generate request
[2025-08-28 09:04:59,239] DEBUG Request data: {'prompt': 'diamond engagement ring', 'metal': 'PLATINUM', 'ring_size': 7, 'stone_shape': 'PRINCESS', 'stone_carat': 1}
[2025-08-28 09:04:59,239] DEBUG Output file path: C:\Users\AMD\aura\models\output_diamond_engagement_ring.stl
[2025-08-28 09:04:59,239] DEBUG Launching Blender subprocess
[2025-08-28 09:04:59,239] DEBUG Blender command: C:\Program Files\Blender Foundation\Blender 4.5\blender.exe --background --python C:\Users\AMD\aura\backend\aura_backend.py -- diamond engagement ring --ring_size 7 --stone_carat 1 --stone_shape PRINCESS --metal PLATINUM
[2025-08-28 09:04:59,921] DEBUG Blender job completed
[2025-08-28 09:04:59,921] DEBUG [Blender stdout]
Blender add-on search paths: ['C:\\Program Files\\Blender Foundation\\Blender 4.5\\4.5\\scripts\\startup', 'C:\\Program Files\\Blender Foundation\\Blender 4.5\\4.5\\scripts\\modules', 'C:\\Program Files\\Blender Foundation\\Blender 4.5\\python311.zip', 'C:\\Program Files\\Blender Foundation\\Blender 4.5\\4.5\\python\\DLLs', 'C:\\Program Files\\Blender Foundation\\Blender 4.5\\4.5\\python\\Lib', 'C:\\Program Files\\Blender Foundation\\Blender 4.5', 'C:\\Program Files\\Blender Foundation\\Blender 4.5\\4.5\\python', 'C:\\Program Files\\Blender Foundation\\Blender 4.5\\4.5\\python\\Lib\\site-packages', 'C:\\Program Files\\Blender Foundation\\Blender 4.5\\4.5\\scripts\\freestyle\\modules', 'C:\\Users\\AMD\\AppData\\Roaming\\Blender Foundation\\Blender\\4.5\\scripts\\addons\\modules', 'C:\\Program Files\\Blender Foundation\\Blender 4.5\\4.5\\scripts\\addons_core']
Blender scripts path: C:\Program Files\Blender Foundation\Blender 4.5\4.5\scripts\addons
Checking if 'io_mesh_stl' is available: (False, False)
Add-on not loaded: "io_mesh_stl", cause: No module named 'io_mesh_stl'
Enabled 'io_mesh_stl' add-on.
Add-on not loaded: "io_mesh_stl", cause: No module named 'io_mesh_stl'
Blender 4.5.2 LTS (hash ab25eae04993 built 2025-08-20 02:20:52)

Blender quit

[2025-08-28 09:04:59,921] DEBUG [Blender stderr]
[2025-08-28 09:04:59,750] INFO Received prompt: diamond engagement ring | Args: ['diamond engagement ring', '--ring_size', '7', '--stone_carat', '1', '--stone_shape', 'PRINCESS', '--metal', 'PLATINUM']
[2025-08-28 09:04:59,750] DEBUG Mesh generation started
[2025-08-28 09:04:59,765] DEBUG Exporting STL
[2025-08-28 09:04:59,767] INFO AI-driven design generated for prompt: diamond engagement ring
Exported to: C:\Users\AMD\aura\models\output_diamond_engagement_ring.stl
[2025-08-28 09:04:59,767] DEBUG STL export completed: C:\Users\AMD\aura\models\output_diamond_engagement_ring.stl

[2025-08-28 09:04:59,921] DEBUG Design generated successfully: C:\Users\AMD\aura\models\output_diamond_engagement_ring.stl
[2025-08-28 09:06:04,393] DEBUG Received /generate request
[2025-08-28 09:06:04,393] DEBUG Request data: {'prompt': 'diamond engagement ring', 'metal': 'GOLD', 'ring_size': 7, 'stone_shape': 'ROUND', 'stone_carat': 1}
[2025-08-28 09:06:04,393] DEBUG Output file path: C:\Users\AMD\aura\models\output_diamond_engagement_ring.stl
[2025-08-28 09:06:04,393] DEBUG Launching Blender subprocess
[2025-08-28 09:06:04,393] DEBUG Blender command: C:\Program Files\Blender Foundation\Blender 4.5\blender.exe --background --python C:\Users\AMD\aura\backend\aura_backend.py -- diamond engagement ring --ring_size 7 --stone_carat 1 --stone_shape ROUND --metal GOLD
[2025-08-28 09:06:05,167] DEBUG Blender job completed
[2025-08-28 09:06:05,167] DEBUG [Blender stdout]
Blender add-on search paths: ['C:\\Program Files\\Blender Foundation\\Blender 4.5\\4.5\\scripts\\startup', 'C:\\Program Files\\Blender Foundation\\Blender 4.5\\4.5\\scripts\\modules', 'C:\\Program Files\\Blender Foundation\\Blender 4.5\\python311.zip', 'C:\\Program Files\\Blender Foundation\\Blender 4.5\\4.5\\python\\DLLs', 'C:\\Program Files\\Blender Foundation\\Blender 4.5\\4.5\\python\\Lib', 'C:\\Program Files\\Blender Foundation\\Blender 4.5', 'C:\\Program Files\\Blender Foundation\\Blender 4.5\\4.5\\python', 'C:\\Program Files\\Blender Foundation\\Blender 4.5\\4.5\\python\\Lib\\site-packages', 'C:\\Program Files\\Blender Foundation\\Blender 4.5\\4.5\\scripts\\freestyle\\modules', 'C:\\Users\\AMD\\AppData\\Roaming\\Blender Foundation\\Blender\\4.5\\scripts\\addons\\modules', 'C:\\Program Files\\Blender Foundation\\Blender 4.5\\4.5\\scripts\\addons_core']
Blender scripts path: C:\Program Files\Blender Foundation\Blender 4.5\4.5\scripts\addons
Checking if 'io_mesh_stl' is available: (False, False)
Add-on not loaded: "io_mesh_stl", cause: No module named 'io_mesh_stl'
Enabled 'io_mesh_stl' add-on.
Add-on not loaded: "io_mesh_stl", cause: No module named 'io_mesh_stl'
Blender 4.5.2 LTS (hash ab25eae04993 built 2025-08-20 02:20:52)

Blender quit

[2025-08-28 09:06:05,167] DEBUG [Blender stderr]
[2025-08-28 09:06:04,913] INFO Received prompt: diamond engagement ring | Args: ['diamond engagement ring', '--ring_size', '7', '--stone_carat', '1', '--stone_shape', 'ROUND', '--metal', 'GOLD']
[2025-08-28 09:06:04,915] DEBUG Mesh generation started
[2025-08-28 09:06:04,930] DEBUG Exporting STL
[2025-08-28 09:06:04,953] INFO AI-driven design generated for prompt: diamond engagement ring
Exported to: C:\Users\AMD\aura\models\output_diamond_engagement_ring.stl
[2025-08-28 09:06:04,955] DEBUG STL export completed: C:\Users\AMD\aura\models\output_diamond_engagement_ring.stl

[2025-08-28 09:06:05,167] DEBUG Design generated successfully: C:\Users\AMD\aura\models\output_diamond_engagement_ring.stl
[2025-08-28 09:08:00,153] DEBUG Received /generate request
[2025-08-28 09:08:00,153] DEBUG Request data: {'prompt': 'diamond engagement ring', 'metal': 'GOLD', 'ring_size': 7, 'stone_shape': 'PRINCESS', 'stone_carat': 1}
[2025-08-28 09:08:00,153] DEBUG Output file path: C:\Users\AMD\aura\models\output_diamond_engagement_ring.stl
[2025-08-28 09:08:00,153] DEBUG Launching Blender subprocess
[2025-08-28 09:08:00,153] DEBUG Blender command: C:\Program Files\Blender Foundation\Blender 4.5\blender.exe --background --python C:\Users\AMD\aura\backend\aura_backend.py -- diamond engagement ring --ring_size 7 --stone_carat 1 --stone_shape PRINCESS --metal GOLD
[2025-08-28 09:08:00,889] DEBUG Blender job completed
[2025-08-28 09:08:00,889] DEBUG [Blender stdout]
Blender add-on search paths: ['C:\\Program Files\\Blender Foundation\\Blender 4.5\\4.5\\scripts\\startup', 'C:\\Program Files\\Blender Foundation\\Blender 4.5\\4.5\\scripts\\modules', 'C:\\Program Files\\Blender Foundation\\Blender 4.5\\python311.zip', 'C:\\Program Files\\Blender Foundation\\Blender 4.5\\4.5\\python\\DLLs', 'C:\\Program Files\\Blender Foundation\\Blender 4.5\\4.5\\python\\Lib', 'C:\\Program Files\\Blender Foundation\\Blender 4.5', 'C:\\Program Files\\Blender Foundation\\Blender 4.5\\4.5\\python', 'C:\\Program Files\\Blender Foundation\\Blender 4.5\\4.5\\python\\Lib\\site-packages', 'C:\\Program Files\\Blender Foundation\\Blender 4.5\\4.5\\scripts\\freestyle\\modules', 'C:\\Users\\AMD\\AppData\\Roaming\\Blender Foundation\\Blender\\4.5\\scripts\\addons\\modules', 'C:\\Program Files\\Blender Foundation\\Blender 4.5\\4.5\\scripts\\addons_core']
Blender scripts path: C:\Program Files\Blender Foundation\Blender 4.5\4.5\scripts\addons
Checking if 'io_mesh_stl' is available: (False, False)
Add-on not loaded: "io_mesh_stl", cause: No module named 'io_mesh_stl'
Enabled 'io_mesh_stl' add-on.
Add-on not loaded: "io_mesh_stl", cause: No module named 'io_mesh_stl'
Blender 4.5.2 LTS (hash ab25eae04993 built 2025-08-20 02:20:52)

Blender quit

[2025-08-28 09:08:00,889] DEBUG [Blender stderr]
[2025-08-28 09:08:00,705] INFO Received prompt: diamond engagement ring | Args: ['diamond engagement ring', '--ring_size', '7', '--stone_carat', '1', '--stone_shape', 'PRINCESS', '--metal', 'GOLD']
[2025-08-28 09:08:00,705] DEBUG Mesh generation started
[2025-08-28 09:08:00,722] DEBUG Exporting STL
[2025-08-28 09:08:00,739] INFO AI-driven design generated for prompt: diamond engagement ring
Exported to: C:\Users\AMD\aura\models\output_diamond_engagement_ring.stl
[2025-08-28 09:08:00,739] DEBUG STL export completed: C:\Users\AMD\aura\models\output_diamond_engagement_ring.stl

[2025-08-28 09:08:00,889] DEBUG Design generated successfully: C:\Users\AMD\aura\models\output_diamond_engagement_ring.stl
[2025-08-28 09:08:01,255] DEBUG Received STL file request: output_diamond_engagement_ring.stl
[2025-08-28 09:08:01,255] DEBUG Resolved STL path: C:\Users\AMD\aura\models\output_diamond_engagement_ring.stl
[2025-08-28 09:08:01,255] DEBUG Exists: True, Readable: True
[2025-08-28 09:08:01,255] INFO Serving STL from models dir: C:\Users\AMD\aura\models\output_diamond_engagement_ring.stl
[2025-08-28 09:08:01,265] ERROR Exception in callback _ProactorBasePipeTransport._call_connection_lost(None)
handle: <Handle _ProactorBasePipeTransport._call_connection_lost(None)>
Traceback (most recent call last):
  File "C:\Users\AMD\AppData\Local\Programs\Python\Python311\Lib\asyncio\events.py", line 84, in _run
    self._context.run(self._callback, *self._args)
  File "C:\Users\AMD\AppData\Local\Programs\Python\Python311\Lib\asyncio\proactor_events.py", line 165, in _call_connection_lost
    self._sock.shutdown(socket.SHUT_RDWR)
ConnectionResetError: [WinError 10054] An existing connection was forcibly closed by the remote host
[2025-08-28 09:16:07,975] DEBUG Received /generate request
[2025-08-28 09:16:07,975] DEBUG Request data: {'prompt': 'diamond engagement ring', 'metal': 'GOLD', 'ring_size': 7, 'stone_shape': 'ROUND', 'stone_carat': 1}
[2025-08-28 09:16:07,977] DEBUG Output file path: C:\Users\AMD\aura\models\output_diamond_engagement_ring.stl
[2025-08-28 09:16:07,977] DEBUG Launching Blender subprocess
[2025-08-28 09:16:07,977] DEBUG Blender command: C:\Program Files\Blender Foundation\Blender 4.5\blender.exe --background --python C:\Users\AMD\aura\backend\aura_backend.py -- diamond engagement ring --ring_size 7 --stone_carat 1 --stone_shape ROUND --metal GOLD
[2025-08-28 09:16:08,631] DEBUG Blender job completed
[2025-08-28 09:16:08,631] DEBUG [Blender stdout]
Blender 4.5.2 LTS (hash ab25eae04993 built 2025-08-20 02:20:52)

Blender quit

[2025-08-28 09:16:08,631] DEBUG [Blender stderr]
[2025-08-28 09:16:08,482] INFO Received prompt: diamond engagement ring | Specs: {'ring_size': 7.0, 'stone_carat': 1.0, 'stone_shape': 'ROUND', 'metal': 'GOLD'}
Traceback (most recent call last):
  File "C:\Users\AMD\aura\backend\aura_backend.py", line 113, in <module>
    main()
  File "C:\Users\AMD\aura\backend\aura_backend.py", line 95, in main
    generated_obj = generate_jewelry(specs, prompt)
                    ^^^^^^^^^^^^^^^^^^^^^^^^^^^^^^^
  File "C:\Users\AMD\aura\backend\aura_backend.py", line 47, in generate_jewelry
    bmesh.ops.spin(bm, geom=profile_bm.verts[:] + profile_bm.edges[:], cent=(0,0,0), axis=(0,1,0), steps=128, angle=math.radians(360))
ValueError: geom: 0 (BMVert/BMEdge/BMFace) is from another mesh

[2025-08-28 09:16:08,632] ERROR Design generation failed: [2025-08-28 09:16:08,482] INFO Received prompt: diamond engagement ring | Specs: {'ring_size': 7.0, 'stone_carat': 1.0, 'stone_shape': 'ROUND', 'metal': 'GOLD'}
Traceback (most recent call last):
  File "C:\Users\AMD\aura\backend\aura_backend.py", line 113, in <module>
    main()
  File "C:\Users\AMD\aura\backend\aura_backend.py", line 95, in main
    generated_obj = generate_jewelry(specs, prompt)
                    ^^^^^^^^^^^^^^^^^^^^^^^^^^^^^^^
  File "C:\Users\AMD\aura\backend\aura_backend.py", line 47, in generate_jewelry
    bmesh.ops.spin(bm, geom=profile_bm.verts[:] + profile_bm.edges[:], cent=(0,0,0), axis=(0,1,0), steps=128, angle=math.radians(360))
ValueError: geom: 0 (BMVert/BMEdge/BMFace) is from another mesh

[2025-08-28 09:16:52,006] DEBUG Received /generate request
[2025-08-28 09:16:52,006] DEBUG Request data: {'prompt': 'diamond engagement ring', 'metal': 'GOLD', 'ring_size': 7, 'stone_shape': 'ROUND', 'stone_carat': 1}
[2025-08-28 09:16:52,006] DEBUG Output file path: C:\Users\AMD\aura\models\output_diamond_engagement_ring.stl
[2025-08-28 09:16:52,006] DEBUG Launching Blender subprocess
[2025-08-28 09:16:52,006] DEBUG Blender command: C:\Program Files\Blender Foundation\Blender 4.5\blender.exe --background --python C:\Users\AMD\aura\backend\aura_backend.py -- diamond engagement ring --ring_size 7 --stone_carat 1 --stone_shape ROUND --metal GOLD
[2025-08-28 09:16:52,874] DEBUG Blender job completed
[2025-08-28 09:16:52,874] DEBUG [Blender stdout]
Add-on not loaded: "io_mesh_stl", cause: No module named 'io_mesh_stl'
Add-on not loaded: "io_mesh_stl", cause: No module named 'io_mesh_stl'
Blender 4.5.2 LTS (hash ab25eae04993 built 2025-08-20 02:20:52)

Blender quit

[2025-08-28 09:16:52,874] DEBUG [Blender stderr]
[2025-08-28 09:16:52,589] INFO Received prompt: diamond engagement ring | Specs: {'ring_size': 7.0, 'stone_carat': 1.0, 'stone_shape': 'ROUND', 'metal': 'GOLD'}
[2025-08-28 09:16:52,651] INFO Exported successfully to: C:\Users\AMD\aura\output\output_diamond_engagement_ring.stl
[2025-08-28 09:16:52,651] INFO Received prompt: diamond engagement ring | Specs: {'ring_size': 7.0, 'stone_carat': 1.0, 'stone_shape': 'ROUND', 'metal': 'GOLD'}
[2025-08-28 09:16:52,720] INFO Exported successfully to: C:\Users\AMD\aura\output\output_diamond_engagement_ring.stl

[2025-08-28 09:16:52,874] ERROR Design generation failed: [2025-08-28 09:16:52,589] INFO Received prompt: diamond engagement ring | Specs: {'ring_size': 7.0, 'stone_carat': 1.0, 'stone_shape': 'ROUND', 'metal': 'GOLD'}
[2025-08-28 09:16:52,651] INFO Exported successfully to: C:\Users\AMD\aura\output\output_diamond_engagement_ring.stl
[2025-08-28 09:16:52,651] INFO Received prompt: diamond engagement ring | Specs: {'ring_size': 7.0, 'stone_carat': 1.0, 'stone_shape': 'ROUND', 'metal': 'GOLD'}
[2025-08-28 09:16:52,720] INFO Exported successfully to: C:\Users\AMD\aura\output\output_diamond_engagement_ring.stl

[2025-08-28 09:17:35,909] DEBUG Received /generate request
[2025-08-28 09:17:35,909] DEBUG Request data: {'prompt': 'simple diamond engagement ring', 'metal': 'GOLD', 'ring_size': 7, 'stone_shape': 'ROUND', 'stone_carat': 1}
[2025-08-28 09:17:35,913] DEBUG Output file path: C:\Users\AMD\aura\models\output_simple_diamond_engagement_ring.stl
[2025-08-28 09:17:35,913] DEBUG Launching Blender subprocess
[2025-08-28 09:17:35,913] DEBUG Blender command: C:\Program Files\Blender Foundation\Blender 4.5\blender.exe --background --python C:\Users\AMD\aura\backend\aura_backend.py -- simple diamond engagement ring --ring_size 7 --stone_carat 1 --stone_shape ROUND --metal GOLD
[2025-08-28 09:17:36,836] DEBUG Blender job completed
[2025-08-28 09:17:36,836] DEBUG [Blender stdout]
Blender 4.5.2 LTS (hash ab25eae04993 built 2025-08-20 02:20:52)

Blender quit

[2025-08-28 09:17:36,836] DEBUG [Blender stderr]
[2025-08-28 09:17:36,489] INFO Received prompt: simple diamond engagement ring | Specs: {'ring_size': 7.0, 'stone_carat': 1.0, 'stone_shape': 'ROUND', 'metal': 'GOLD'}
[2025-08-28 09:17:36,548] WARNING STL export add-on "io_mesh_stl" not found. Attempting export anyway.
[2025-08-28 09:17:36,573] INFO Exported successfully to: C:\Users\AMD\aura\output\output_simple_diamond_engagement_ring.stl
[2025-08-28 09:17:36,573] INFO Received prompt: simple diamond engagement ring | Specs: {'ring_size': 7.0, 'stone_carat': 1.0, 'stone_shape': 'ROUND', 'metal': 'GOLD'}
[2025-08-28 09:17:36,624] WARNING STL export add-on "io_mesh_stl" not found. Attempting export anyway.
[2025-08-28 09:17:36,643] INFO Exported successfully to: C:\Users\AMD\aura\output\output_simple_diamond_engagement_ring.stl

[2025-08-28 09:17:36,836] ERROR Design generation failed: [2025-08-28 09:17:36,489] INFO Received prompt: simple diamond engagement ring | Specs: {'ring_size': 7.0, 'stone_carat': 1.0, 'stone_shape': 'ROUND', 'metal': 'GOLD'}
[2025-08-28 09:17:36,548] WARNING STL export add-on "io_mesh_stl" not found. Attempting export anyway.
[2025-08-28 09:17:36,573] INFO Exported successfully to: C:\Users\AMD\aura\output\output_simple_diamond_engagement_ring.stl
[2025-08-28 09:17:36,573] INFO Received prompt: simple diamond engagement ring | Specs: {'ring_size': 7.0, 'stone_carat': 1.0, 'stone_shape': 'ROUND', 'metal': 'GOLD'}
[2025-08-28 09:17:36,624] WARNING STL export add-on "io_mesh_stl" not found. Attempting export anyway.
[2025-08-28 09:17:36,643] INFO Exported successfully to: C:\Users\AMD\aura\output\output_simple_diamond_engagement_ring.stl

[2025-08-28 09:20:44,292] DEBUG Received /generate request
[2025-08-28 09:20:44,292] DEBUG Request data: {'prompt': 'diamond engagement ring', 'metal': 'GOLD', 'ring_size': 7, 'stone_shape': 'ROUND', 'stone_carat': 1}
[2025-08-28 09:20:44,292] DEBUG Output file path: C:\Users\AMD\aura\models\output_diamond_engagement_ring.stl
[2025-08-28 09:20:44,292] DEBUG Launching Blender subprocess
[2025-08-28 09:20:44,292] DEBUG Blender command: C:\Program Files\Blender Foundation\Blender 4.5\blender.exe --background --python C:\Users\AMD\aura\backend\aura_backend.py -- diamond engagement ring --ring_size 7 --stone_carat 1 --stone_shape ROUND --metal GOLD
[2025-08-28 09:20:45,131] DEBUG Blender job completed
[2025-08-28 09:20:45,131] DEBUG [Blender stdout]
Blender 4.5.2 LTS (hash ab25eae04993 built 2025-08-20 02:20:52)

Blender quit

[2025-08-28 09:20:45,131] DEBUG [Blender stderr]
[2025-08-28 09:20:44,805] INFO Received prompt: diamond engagement ring | Specs: {'ring_size': 7.0, 'stone_carat': 1.0, 'stone_shape': 'ROUND', 'metal': 'GOLD'}
[2025-08-28 09:20:44,874] WARNING STL export add-on "io_mesh_stl" not found. Attempting export anyway.
[2025-08-28 09:20:44,899] INFO Exported successfully to: C:\Users\AMD\aura\output\output_diamond_engagement_ring.stl
[2025-08-28 09:20:44,899] INFO Received prompt: diamond engagement ring | Specs: {'ring_size': 7.0, 'stone_carat': 1.0, 'stone_shape': 'ROUND', 'metal': 'GOLD'}
[2025-08-28 09:20:44,943] WARNING STL export add-on "io_mesh_stl" not found. Attempting export anyway.
[2025-08-28 09:20:44,964] INFO Exported successfully to: C:\Users\AMD\aura\output\output_diamond_engagement_ring.stl

[2025-08-28 09:20:45,131] ERROR Design generation failed: [2025-08-28 09:20:44,805] INFO Received prompt: diamond engagement ring | Specs: {'ring_size': 7.0, 'stone_carat': 1.0, 'stone_shape': 'ROUND', 'metal': 'GOLD'}
[2025-08-28 09:20:44,874] WARNING STL export add-on "io_mesh_stl" not found. Attempting export anyway.
[2025-08-28 09:20:44,899] INFO Exported successfully to: C:\Users\AMD\aura\output\output_diamond_engagement_ring.stl
[2025-08-28 09:20:44,899] INFO Received prompt: diamond engagement ring | Specs: {'ring_size': 7.0, 'stone_carat': 1.0, 'stone_shape': 'ROUND', 'metal': 'GOLD'}
[2025-08-28 09:20:44,943] WARNING STL export add-on "io_mesh_stl" not found. Attempting export anyway.
[2025-08-28 09:20:44,964] INFO Exported successfully to: C:\Users\AMD\aura\output\output_diamond_engagement_ring.stl

[2025-08-28 09:23:18,560] DEBUG Received /generate request
[2025-08-28 09:23:18,560] DEBUG Request data: {'prompt': 'diamond engagement ring', 'metal': 'GOLD', 'ring_size': 7, 'stone_shape': 'ROUND', 'stone_carat': 1}
[2025-08-28 09:23:18,560] DEBUG Output file path: C:\Users\AMD\aura\models\output_diamond_engagement_ring.stl
[2025-08-28 09:23:18,560] DEBUG Launching Blender subprocess
[2025-08-28 09:23:18,563] DEBUG Blender command: C:\Program Files\Blender Foundation\Blender 4.5\blender.exe --background --python C:\Users\AMD\aura\backend\aura_backend.py -- diamond engagement ring --ring_size 7 --stone_carat 1 --stone_shape ROUND --metal GOLD
[2025-08-28 09:23:19,477] DEBUG Blender job completed
[2025-08-28 09:23:19,477] DEBUG [Blender stdout]
Blender 4.5.2 LTS (hash ab25eae04993 built 2025-08-20 02:20:52)

Blender quit

[2025-08-28 09:23:19,477] DEBUG [Blender stderr]
[2025-08-28 09:23:19,178] INFO Received prompt: diamond engagement ring | Specs: {'ring_size': 7.0, 'stone_carat': 1.0, 'stone_shape': 'ROUND', 'metal': 'GOLD'}
[2025-08-28 09:23:19,241] WARNING STL export add-on "io_mesh_stl" not found. Attempting export anyway.
[2025-08-28 09:23:19,261] INFO Exported successfully to: C:\Users\AMD\aura\output\output_diamond_engagement_ring.stl
[2025-08-28 09:23:19,261] INFO Received prompt: diamond engagement ring | Specs: {'ring_size': 7.0, 'stone_carat': 1.0, 'stone_shape': 'ROUND', 'metal': 'GOLD'}
[2025-08-28 09:23:19,310] WARNING STL export add-on "io_mesh_stl" not found. Attempting export anyway.
[2025-08-28 09:23:19,324] INFO Exported successfully to: C:\Users\AMD\aura\output\output_diamond_engagement_ring.stl

[2025-08-28 09:23:19,477] ERROR Design generation failed: [2025-08-28 09:23:19,178] INFO Received prompt: diamond engagement ring | Specs: {'ring_size': 7.0, 'stone_carat': 1.0, 'stone_shape': 'ROUND', 'metal': 'GOLD'}
[2025-08-28 09:23:19,241] WARNING STL export add-on "io_mesh_stl" not found. Attempting export anyway.
[2025-08-28 09:23:19,261] INFO Exported successfully to: C:\Users\AMD\aura\output\output_diamond_engagement_ring.stl
[2025-08-28 09:23:19,261] INFO Received prompt: diamond engagement ring | Specs: {'ring_size': 7.0, 'stone_carat': 1.0, 'stone_shape': 'ROUND', 'metal': 'GOLD'}
[2025-08-28 09:23:19,310] WARNING STL export add-on "io_mesh_stl" not found. Attempting export anyway.
[2025-08-28 09:23:19,324] INFO Exported successfully to: C:\Users\AMD\aura\output\output_diamond_engagement_ring.stl

